<?xml version="1.0" encoding="UTF-8"?>
<!-- Generated by org.testng.reporters.JUnitReportReporter -->
<testsuite hostname="Toshiba" failures="0" tests="1" name="com.freecrm.testcases.Example" time="0.019" errors="0" timestamp="2025-04-20T21:01:29 GST" skipped="0">
  <testcase classname="com.freecrm.testcases.Example" name="printValues" time="0.019"/>
</testsuite> <!-- com.freecrm.testcases.Example -->
