<?xml version="1.0" encoding="UTF-8"?>
<!-- Generated by org.testng.reporters.JUnitReportReporter -->
<testsuite hostname="Toshiba" failures="0" tests="5" name="com.freecrm.testcases.LoginPageTest" time="67.481" errors="0" timestamp="2025-04-27T22:41:12 GST" skipped="1">
  <testcase classname="com.freecrm.testcases.LoginPageTest" name="titleTest" time="13.169"/>
  <testcase classname="com.freecrm.testcases.LoginPageTest" name="urlCheck" time="15.295"/>
  <testcase classname="com.freecrm.testcases.LoginPageTest" name="logoTest" time="21.964"/>
  <testcase classname="com.freecrm.testcases.LoginPageTest" name="loginTest" time="17.053"/>
  <testcase classname="com.freecrm.testcases.LoginPageTest" name="titleTest1">
    <skipped/>
  </testcase> <!-- titleTest1 -->
</testsuite> <!-- com.freecrm.testcases.LoginPageTest -->
