<?xml version="1.0" encoding="UTF-8"?>
<!-- Generated by org.testng.reporters.JUnitReportReporter -->
<testsuite hostname="Toshiba" failures="0" tests="1" name="com.freecrm.testcases.VideoExample" time="12.191" errors="0" timestamp="2025-04-27T11:31:30 GST" skipped="0">
  <testcase classname="com.freecrm.testcases.VideoExample" name="recordVideo" time="12.191"/>
</testsuite> <!-- com.freecrm.testcases.VideoExample -->
