<?xml version="1.0" encoding="UTF-8"?>
<!-- Generated by org.testng.reporters.JUnitReportReporter -->
<testsuite hostname="Toshiba" failures="0" tests="4" name="com.freecrm.testcases.testNG" time="0.130" errors="0" timestamp="2025-04-19T23:23:15 GST" skipped="0">
  <testcase classname="com.freecrm.testcases.testNG" name="testCase1" time="0.024"/>
  <testcase classname="com.freecrm.testcases.testNG" name="testCase2" time="0.012"/>
  <testcase classname="com.freecrm.testcases.testNG" name="testCase4" time="0.088"/>
  <testcase classname="com.freecrm.testcases.testNG" name="testCase3" time="0.006"/>
</testsuite> <!-- com.freecrm.testcases.testNG -->
